<?xml version="1.0" encoding="UTF-8"?>
<testng-results ignored="0" total="7" passed="6" failed="1" skipped="0">
  <reporter-output>
  </reporter-output>
  <suite started-at="2025-04-17T17:36:32 IST" name="Suite" finished-at="2025-04-17T17:36:51 IST" duration-ms="19390">
    <groups>
    </groups>
    <test started-at="2025-04-17T17:36:32 IST" name="Test" finished-at="2025-04-17T17:36:51 IST" duration-ms="19390">
      <class name="createLead.Leads">
        <test-method is-config="true" signature="OpenURL()[pri:0, instance:createLead.Leads@fd07cbb]" started-at="2025-04-17T17:36:32 IST" name="OpenURL" finished-at="2025-04-17T17:36:36 IST" duration-ms="4049" status="PASS">
          <reporter-output>
          </reporter-output>
        </test-method> <!-- OpenURL -->
        <test-method signature="login()[pri:1, instance:createLead.Leads@fd07cbb]" started-at="2025-04-17T17:36:39 IST" name="login" finished-at="2025-04-17T17:36:39 IST" duration-ms="287" status="PASS">
          <reporter-output>
          </reporter-output>
        </test-method> <!-- login -->
        <test-method signature="createLead(java.lang.String,java.lang.String,java.lang.String)[pri:2, instance:createLead.Leads@fd07cbb]" started-at="2025-04-17T17:36:39 IST" name="createLead" data-provider="leadData" finished-at="2025-04-17T17:36:48 IST" duration-ms="8266" status="PASS">
          <params>
            <param index="0">
              <value>
                <![CDATA[Kiran]]>
              </value>
            </param>
            <param index="1">
              <value>
                <![CDATA[kiran@gmail.com]]>
              </value>
            </param>
            <param index="2">
              <value>
                <![CDATA[8019684875]]>
              </value>
            </param>
          </params>
          <reporter-output>
          </reporter-output>
        </test-method> <!-- createLead -->
        <test-method signature="createLead(java.lang.String,java.lang.String,java.lang.String)[pri:2, instance:createLead.Leads@fd07cbb]" started-at="2025-04-17T17:36:48 IST" name="createLead" data-provider="leadData" finished-at="2025-04-17T17:36:49 IST" duration-ms="1774" status="PASS">
          <params>
            <param index="0">
              <value>
                <![CDATA[madhuri]]>
              </value>
            </param>
            <param index="1">
              <value>
                <![CDATA[madhuri@gmail.com]]>
              </value>
            </param>
            <param index="2">
              <value>
                <![CDATA[8019684875]]>
              </value>
            </param>
          </params>
          <reporter-output>
          </reporter-output>
        </test-method> <!-- createLead -->
        <test-method signature="createLead(java.lang.String,java.lang.String,java.lang.String)[pri:2, instance:createLead.Leads@fd07cbb]" started-at="2025-04-17T17:36:49 IST" name="createLead" data-provider="leadData" finished-at="2025-04-17T17:36:51 IST" duration-ms="1763" status="FAIL">
          <params>
            <param index="0">
              <value>
                <![CDATA[maheshwaran]]>
              </value>
            </param>
            <param index="1">
              <value>
                <![CDATA[maheshwaran@gmail.com]]>
              </value>
            </param>
            <param index="2">
              <value>
                <![CDATA[9908088535]]>
              </value>
            </param>
          </params>
          <exception class="org.openqa.selenium.ElementClickInterceptedException">
            <message>
              <![CDATA[element click intercepted: Element <button class="flex items-center gap-2 px-4 h-8 justify-center rounded-md bg-[#0176D3] p-1 text-sm font-normal leading-6 text-white">...</button> is not clickable at point (1295, 122). Other element would receive the click: <div>...</div>
  (Session info: chrome=135.0.7049.85)
Build info: version: '4.29.0', revision: '18ae989'
System info: os.name: 'Windows 11', os.arch: 'amd64', os.version: '10.0', java.version: '21.0.5'
Driver info: org.openqa.selenium.chrome.ChromeDriver
Command: [cf885a6e7588111b4e51361b79e1d163, clickElement {id=f.5933F148B598BCC1667FF741897847BE.d.AAE538064F89FB4734D29544BCB8219C.e.21}]
Capabilities {acceptInsecureCerts: false, browserName: chrome, browserVersion: 135.0.7049.85, chrome: {chromedriverVersion: 135.0.7049.95 (de2eb485a195..., userDataDir: C:\Users\Nishanth\AppData\L...}, fedcm:accounts: true, goog:chromeOptions: {debuggerAddress: localhost:57753}, networkConnectionEnabled: false, pageLoadStrategy: normal, platformName: windows, proxy: Proxy(), se:cdp: ws://localhost:57753/devtoo..., se:cdpVersion: 135.0.7049.85, setWindowRect: true, strictFileInteractability: false, timeouts: {implicit: 0, pageLoad: 300000, script: 30000}, unhandledPromptBehavior: dismiss and notify, webauthn:extension:credBlob: true, webauthn:extension:largeBlob: true, webauthn:extension:minPinLength: true, webauthn:extension:prf: true, webauthn:virtualAuthenticators: true}
Element: [[ChromeDriver: chrome on windows (cf885a6e7588111b4e51361b79e1d163)] -> xpath: //button[text()='Create Lead']]
Session ID: cf885a6e7588111b4e51361b79e1d163]]>
            </message>
            <full-stacktrace>
              <![CDATA[org.openqa.selenium.ElementClickInterceptedException: element click intercepted: Element <button class="flex items-center gap-2 px-4 h-8 justify-center rounded-md bg-[#0176D3] p-1 text-sm font-normal leading-6 text-white">...</button> is not clickable at point (1295, 122). Other element would receive the click: <div>...</div>
  (Session info: chrome=135.0.7049.85)
Build info: version: '4.29.0', revision: '18ae989'
System info: os.name: 'Windows 11', os.arch: 'amd64', os.version: '10.0', java.version: '21.0.5'
Driver info: org.openqa.selenium.chrome.ChromeDriver
Command: [cf885a6e7588111b4e51361b79e1d163, clickElement {id=f.5933F148B598BCC1667FF741897847BE.d.AAE538064F89FB4734D29544BCB8219C.e.21}]
Capabilities {acceptInsecureCerts: false, browserName: chrome, browserVersion: 135.0.7049.85, chrome: {chromedriverVersion: 135.0.7049.95 (de2eb485a195..., userDataDir: C:\Users\Nishanth\AppData\L...}, fedcm:accounts: true, goog:chromeOptions: {debuggerAddress: localhost:57753}, networkConnectionEnabled: false, pageLoadStrategy: normal, platformName: windows, proxy: Proxy(), se:cdp: ws://localhost:57753/devtoo..., se:cdpVersion: 135.0.7049.85, setWindowRect: true, strictFileInteractability: false, timeouts: {implicit: 0, pageLoad: 300000, script: 30000}, unhandledPromptBehavior: dismiss and notify, webauthn:extension:credBlob: true, webauthn:extension:largeBlob: true, webauthn:extension:minPinLength: true, webauthn:extension:prf: true, webauthn:virtualAuthenticators: true}
Element: [[ChromeDriver: chrome on windows (cf885a6e7588111b4e51361b79e1d163)] -> xpath: //button[text()='Create Lead']]
Session ID: cf885a6e7588111b4e51361b79e1d163
at java.base/jdk.internal.reflect.DirectConstructorHandleAccessor.newInstance(DirectConstructorHandleAccessor.java:62)
at java.base/java.lang.reflect.Constructor.newInstanceWithCaller(Constructor.java:502)
at java.base/java.lang.reflect.Constructor.newInstance(Constructor.java:486)
at org.openqa.selenium.remote.ErrorCodec.decode(ErrorCodec.java:167)
at org.openqa.selenium.remote.codec.w3c.W3CHttpResponseCodec.decode(W3CHttpResponseCodec.java:138)
at org.openqa.selenium.remote.codec.w3c.W3CHttpResponseCodec.decode(W3CHttpResponseCodec.java:50)
at org.openqa.selenium.remote.HttpCommandExecutor.execute(HttpCommandExecutor.java:215)
at org.openqa.selenium.remote.service.DriverCommandExecutor.invokeExecute(DriverCommandExecutor.java:216)
at org.openqa.selenium.remote.service.DriverCommandExecutor.execute(DriverCommandExecutor.java:174)
at org.openqa.selenium.remote.RemoteWebDriver.execute(RemoteWebDriver.java:545)
at org.openqa.selenium.remote.RemoteWebElement.execute(RemoteWebElement.java:223)
at org.openqa.selenium.remote.RemoteWebElement.click(RemoteWebElement.java:76)
at createLead.Leads.createLead(Leads.java:43)
at java.base/jdk.internal.reflect.DirectMethodHandleAccessor.invoke(DirectMethodHandleAccessor.java:103)
at java.base/java.lang.reflect.Method.invoke(Method.java:580)
at org.testng.internal.invokers.MethodInvocationHelper.invokeMethod(MethodInvocationHelper.java:141)
at org.testng.internal.invokers.TestInvoker.invokeMethod(TestInvoker.java:687)
at org.testng.internal.invokers.TestInvoker.invokeTestMethod(TestInvoker.java:230)
at org.testng.internal.invokers.MethodRunner.runInSequence(MethodRunner.java:63)
at org.testng.internal.invokers.TestInvoker$MethodInvocationAgent.invoke(TestInvoker.java:995)
at org.testng.internal.invokers.TestInvoker.invokeTestMethods(TestInvoker.java:203)
at org.testng.internal.invokers.TestMethodWorker.invokeTestMethods(TestMethodWorker.java:154)
at org.testng.internal.invokers.TestMethodWorker.run(TestMethodWorker.java:134)
at java.base/java.util.ArrayList.forEach(ArrayList.java:1596)
at org.testng.TestRunner.privateRun(TestRunner.java:741)
at org.testng.TestRunner.run(TestRunner.java:616)
at org.testng.SuiteRunner.runTest(SuiteRunner.java:421)
at org.testng.SuiteRunner.runSequentially(SuiteRunner.java:413)
at org.testng.SuiteRunner.privateRun(SuiteRunner.java:373)
at org.testng.SuiteRunner.run(SuiteRunner.java:312)
at org.testng.SuiteRunnerWorker.runSuite(SuiteRunnerWorker.java:52)
at org.testng.SuiteRunnerWorker.run(SuiteRunnerWorker.java:95)
at org.testng.TestNG.runSuitesSequentially(TestNG.java:1274)
at org.testng.TestNG.runSuitesLocally(TestNG.java:1208)
at org.testng.TestNG.runSuites(TestNG.java:1112)
at org.testng.TestNG.run(TestNG.java:1079)
at org.testng.remote.AbstractRemoteTestNG.run(AbstractRemoteTestNG.java:115)
at org.testng.remote.RemoteTestNG.initAndRun(RemoteTestNG.java:293)
at org.testng.remote.RemoteTestNG.main(RemoteTestNG.java:91)
]]>
            </full-stacktrace>
          </exception> <!-- org.openqa.selenium.ElementClickInterceptedException -->
          <reporter-output>
          </reporter-output>
        </test-method> <!-- createLead -->
      </class> <!-- createLead.Leads -->
      <class name="login.Creds">
        <test-method is-config="true" signature="setup()[pri:0, instance:login.Creds@6236eb5f]" started-at="2025-04-17T17:36:36 IST" name="setup" finished-at="2025-04-17T17:36:37 IST" duration-ms="1465" status="PASS">
          <reporter-output>
          </reporter-output>
        </test-method> <!-- setup -->
        <test-method signature="openURL()[pri:0, instance:login.Creds@6236eb5f]" started-at="2025-04-17T17:36:37 IST" name="openURL" finished-at="2025-04-17T17:36:38 IST" duration-ms="1202" status="PASS">
          <reporter-output>
          </reporter-output>
        </test-method> <!-- openURL -->
        <test-method signature="Credentials()[pri:1, instance:login.Creds@6236eb5f]" started-at="2025-04-17T17:36:38 IST" name="Credentials" finished-at="2025-04-17T17:36:39 IST" duration-ms="330" status="PASS">
          <reporter-output>
          </reporter-output>
        </test-method> <!-- Credentials -->
        <test-method signature="submiy()[pri:2, instance:login.Creds@6236eb5f]" started-at="2025-04-17T17:36:39 IST" name="submiy" finished-at="2025-04-17T17:36:39 IST" duration-ms="155" status="PASS">
          <reporter-output>
          </reporter-output>
        </test-method> <!-- submiy -->
      </class> <!-- login.Creds -->
    </test> <!-- Test -->
  </suite> <!-- Suite -->
</testng-results>
